{"C:\\Users\\servsoc\\Desktop\\react-typescript\\02-first-steps\\src\\FirstStepsApp.tsx": {"path":"C:\\Users\\servsoc\\Desktop\\react-typescript\\02-first-steps\\src\\FirstStepsApp.tsx","statementMap":{"0":{"start":{"line":8,"column":34},"end":{"line":12,"column":null}},"1":{"start":{"line":15,"column":2},"end":{"line":28,"column":null}},"2":{"start":{"line":21,"column":10},"end":{"line":21,"column":null}}},"fnMap":{"0":{"name":"FirstStepsApp","decl":{"start":{"line":14,"column":16},"end":{"line":14,"column":32}},"loc":{"start":{"line":14,"column":32},"end":{"line":30,"column":null}},"line":14},"1":{"name":"(anonymous_1)","decl":{"start":{"line":19,"column":20},"end":{"line":19,"column":25}},"loc":{"start":{"line":21,"column":10},"end":{"line":21,"column":null}},"line":21}},"branchMap":{},"s":{"0":1,"1":3,"2":9},"f":{"0":3,"1":9},"b":{},"meta":{"lastBranch":0,"lastFunction":2,"lastStatement":3,"seen":{"s:8:34:12:Infinity":0,"f:14:16:14:32":0,"s:15:2:28:Infinity":1,"f:19:20:19:25":1,"s:21:10:21:Infinity":2}}}
,"C:\\Users\\servsoc\\Desktop\\react-typescript\\02-first-steps\\src\\MyAwesomeApp.tsx": {"path":"C:\\Users\\servsoc\\Desktop\\react-typescript\\02-first-steps\\src\\MyAwesomeApp.tsx","statementMap":{"0":{"start":{"line":3,"column":18},"end":{"line":3,"column":null}},"1":{"start":{"line":4,"column":17},"end":{"line":4,"column":null}},"2":{"start":{"line":6,"column":23},"end":{"line":6,"column":null}},"3":{"start":{"line":7,"column":17},"end":{"line":7,"column":null}},"4":{"start":{"line":9,"column":16},"end":{"line":12,"column":null}},"5":{"start":{"line":14,"column":31},"end":{"line":19,"column":null}},"6":{"start":{"line":22,"column":2},"end":{"line":42,"column":null}}},"fnMap":{"0":{"name":"MyAwesomeApp","decl":{"start":{"line":21,"column":16},"end":{"line":21,"column":31}},"loc":{"start":{"line":21,"column":31},"end":{"line":44,"column":null}},"line":21}},"branchMap":{"0":{"loc":{"start":{"line":39,"column":11},"end":{"line":39,"column":49}},"type":"cond-expr","locations":[{"start":{"line":39,"column":22},"end":{"line":39,"column":33}},{"start":{"line":39,"column":33},"end":{"line":39,"column":49}}],"line":39}},"s":{"0":1,"1":1,"2":1,"3":1,"4":1,"5":1,"6":4},"f":{"0":4},"b":{"0":[4,0]},"meta":{"lastBranch":1,"lastFunction":1,"lastStatement":7,"seen":{"s:3:18:3:Infinity":0,"s:4:17:4:Infinity":1,"s:6:23:6:Infinity":2,"s:7:17:7:Infinity":3,"s:9:16:12:Infinity":4,"s:14:31:19:Infinity":5,"f:21:16:21:31":0,"s:22:2:42:Infinity":6,"b:39:22:39:33:39:33:39:49":0}}}
,"C:\\Users\\servsoc\\Desktop\\react-typescript\\02-first-steps\\src\\helpers\\math.helper.ts": {"path":"C:\\Users\\servsoc\\Desktop\\react-typescript\\02-first-steps\\src\\helpers\\math.helper.ts","statementMap":{"0":{"start":{"line":1,"column":13},"end":{"line":3,"column":null}},"1":{"start":{"line":2,"column":2},"end":{"line":2,"column":null}},"2":{"start":{"line":5,"column":13},"end":{"line":7,"column":null}},"3":{"start":{"line":6,"column":2},"end":{"line":6,"column":null}},"4":{"start":{"line":9,"column":13},"end":{"line":11,"column":null}},"5":{"start":{"line":10,"column":2},"end":{"line":10,"column":null}},"6":{"start":{"line":13,"column":13},"end":{"line":15,"column":null}},"7":{"start":{"line":14,"column":2},"end":{"line":14,"column":null}}},"fnMap":{"0":{"name":"(anonymous_0)","decl":{"start":{"line":1,"column":13},"end":{"line":1,"column":20}},"loc":{"start":{"line":1,"column":45},"end":{"line":3,"column":null}},"line":1},"1":{"name":"(anonymous_1)","decl":{"start":{"line":5,"column":13},"end":{"line":5,"column":25}},"loc":{"start":{"line":5,"column":50},"end":{"line":7,"column":null}},"line":5},"2":{"name":"(anonymous_2)","decl":{"start":{"line":9,"column":13},"end":{"line":9,"column":25}},"loc":{"start":{"line":9,"column":50},"end":{"line":11,"column":null}},"line":9},"3":{"name":"(anonymous_3)","decl":{"start":{"line":13,"column":13},"end":{"line":13,"column":23}},"loc":{"start":{"line":13,"column":48},"end":{"line":15,"column":null}},"line":13}},"branchMap":{},"s":{"0":1,"1":1,"2":1,"3":2,"4":1,"5":2,"6":1,"7":1},"f":{"0":1,"1":2,"2":2,"3":1},"b":{},"meta":{"lastBranch":0,"lastFunction":4,"lastStatement":8,"seen":{"s:1:13:3:Infinity":0,"f:1:13:1:20":0,"s:2:2:2:Infinity":1,"s:5:13:7:Infinity":2,"f:5:13:5:25":1,"s:6:2:6:Infinity":3,"s:9:13:11:Infinity":4,"f:9:13:9:25":2,"s:10:2:10:Infinity":5,"s:13:13:15:Infinity":6,"f:13:13:13:23":3,"s:14:2:14:Infinity":7}}}
,"C:\\Users\\servsoc\\Desktop\\react-typescript\\02-first-steps\\src\\shopping-cart\\ItemCounter.module.css": {"path":"C:\\Users\\servsoc\\Desktop\\react-typescript\\02-first-steps\\src\\shopping-cart\\ItemCounter.module.css","statementMap":{},"fnMap":{},"branchMap":{},"s":{},"f":{},"b":{},"meta":{"lastBranch":0,"lastFunction":0,"lastStatement":0,"seen":{}}}
,"C:\\Users\\servsoc\\Desktop\\react-typescript\\02-first-steps\\src\\shopping-cart\\ItemCounter.tsx": {"path":"C:\\Users\\servsoc\\Desktop\\react-typescript\\02-first-steps\\src\\shopping-cart\\ItemCounter.tsx","statementMap":{"0":{"start":{"line":10,"column":13},"end":{"line":43,"column":null}},"1":{"start":{"line":11,"column":33},"end":{"line":11,"column":null}},"2":{"start":{"line":12,"column":16},"end":{"line":12,"column":null}},"3":{"start":{"line":14,"column":8},"end":{"line":16,"column":null}},"4":{"start":{"line":15,"column":4},"end":{"line":15,"column":null}},"5":{"start":{"line":15,"column":25},"end":{"line":15,"column":35}},"6":{"start":{"line":17,"column":8},"end":{"line":20,"column":null}},"7":{"start":{"line":18,"column":4},"end":{"line":18,"column":null}},"8":{"start":{"line":18,"column":21},"end":{"line":18,"column":null}},"9":{"start":{"line":19,"column":4},"end":{"line":19,"column":null}},"10":{"start":{"line":22,"column":2},"end":{"line":41,"column":null}}},"fnMap":{"0":{"name":"(anonymous_0)","decl":{"start":{"line":10,"column":13},"end":{"line":10,"column":28}},"loc":{"start":{"line":10,"column":56},"end":{"line":43,"column":null}},"line":10},"1":{"name":"(anonymous_1)","decl":{"start":{"line":14,"column":8},"end":{"line":14,"column":26}},"loc":{"start":{"line":14,"column":26},"end":{"line":16,"column":null}},"line":14},"2":{"name":"(anonymous_2)","decl":{"start":{"line":15,"column":4},"end":{"line":15,"column":14}},"loc":{"start":{"line":15,"column":25},"end":{"line":15,"column":35}},"line":15},"3":{"name":"(anonymous_3)","decl":{"start":{"line":17,"column":8},"end":{"line":17,"column":31}},"loc":{"start":{"line":17,"column":31},"end":{"line":20,"column":null}},"line":17}},"branchMap":{"0":{"loc":{"start":{"line":11,"column":16},"end":{"line":11,"column":33}},"type":"default-arg","locations":[{"start":{"line":11,"column":27},"end":{"line":11,"column":33}}],"line":11},"1":{"loc":{"start":{"line":18,"column":4},"end":{"line":18,"column":null}},"type":"if","locations":[{"start":{"line":18,"column":4},"end":{"line":18,"column":null}},{"start":{},"end":{}}],"line":18},"2":{"loc":{"start":{"line":29,"column":17},"end":{"line":29,"column":null}},"type":"cond-expr","locations":[{"start":{"line":29,"column":31},"end":{"line":29,"column":39}},{"start":{"line":29,"column":39},"end":{"line":29,"column":null}}],"line":29}},"s":{"0":1,"1":10,"2":10,"3":10,"4":1,"5":1,"6":10,"7":2,"8":1,"9":1,"10":10},"f":{"0":10,"1":1,"2":1,"3":2},"b":{"0":[10],"1":[1,1],"2":[6,4]},"meta":{"lastBranch":3,"lastFunction":4,"lastStatement":11,"seen":{"s:10:13:43:Infinity":0,"f:10:13:10:28":0,"s:11:33:11:Infinity":1,"b:11:27:11:33":0,"s:12:16:12:Infinity":2,"s:14:8:16:Infinity":3,"f:14:8:14:26":1,"s:15:4:15:Infinity":4,"f:15:4:15:14":2,"s:15:25:15:35":5,"s:17:8:20:Infinity":6,"f:17:8:17:31":3,"b:18:4:18:Infinity:undefined:undefined:undefined:undefined":1,"s:18:4:18:Infinity":7,"s:18:21:18:Infinity":8,"s:19:4:19:Infinity":9,"s:22:2:41:Infinity":10,"b:29:31:29:39:29:39:29:Infinity":2}}}
}
